2024-08-29 21:19:29 -Starting Application on bless with PID 98116 (E:\code\im-system\service\target\classes started by bless in E:\code\im-system)
2024-08-29 21:19:29 -The following profiles are active: dev
2024-08-29 21:19:29 -Multiple Spring Data modules found, entering strict repository configuration mode!
2024-08-29 21:19:29 -Bootstrapping Spring Data Redis repositories in DEFAULT mode.
2024-08-29 21:19:29 -Finished Spring Data repository scanning in 22ms. Found 0 Redis repository interfaces.
2024-08-29 21:19:30 -Tomcat initialized with port(s): 8000 (http)
2024-08-29 21:19:30 -Initializing ProtocolHandler ["http-nio-8000"]
2024-08-29 21:19:30 -Starting service [Tomcat]
2024-08-29 21:19:30 -Starting Servlet engine: [Apache Tomcat/9.0.37]
2024-08-29 21:19:30 -Loaded Apache Tomcat Native library [2.0.6] using APR version [1.7.4].
2024-08-29 21:19:30 -APR capabilities: IPv6 [true], sendfile [true], accept filters [false], random [true].
2024-08-29 21:19:30 -APR/OpenSSL configuration: useAprConnector [false], useOpenSSL [true]
2024-08-29 21:19:30 -OpenSSL successfully initialized [OpenSSL 3.0.11 19 Sep 2023]
2024-08-29 21:19:30 -Initializing Spring embedded WebApplicationContext
2024-08-29 21:19:30 -Root WebApplicationContext: initialization completed in 1173 ms
2024-08-29 21:19:44 -Initializing ExecutorService 'applicationTaskExecutor'
2024-08-29 21:19:44 -Starting ProtocolHandler ["http-nio-8000"]
2024-08-29 21:19:44 -Tomcat started on port(s): 8000 (http) with context path ''
2024-08-29 21:19:44 -Attempting to connect to: [123.60.15.140:5672]
2024-08-29 21:19:45 -Created new connection: rabbitConnectionFactory#14a049f9:0/SimpleConnection@64b70f41 [delegate=amqp://guest@123.60.15.140:5672/, localPort= 64322]
2024-08-29 21:19:46 -Started Application in 17.847 seconds (JVM running for 18.604)
2024-08-29 21:23:47 -CHAT MSG FORM QUEUE ::: {"toId":"lyx2","clientType":1,"messageBody":"aaa","appId":10000,"messageId":"bea3fdd5-cb85-4ff6-9cd6-863c42e17bac","imei":"123","fromId":"lyx1","command":1103}
2024-08-29 21:23:47 -HikariPool-1 - Starting...
2024-08-29 21:23:47 -HikariPool-1 - Start completed.
2024-08-29 21:23:47 -msg ack,msgId=bea3fdd5-cb85-4ff6-9cd6-863c42e17bac,checkResut200
2024-08-29 21:23:47 -send messge == {"appId":10000,"clientType":1,"command":1046,"data":{"msg":"success","code":200,"data":{"messageId":"bea3fdd5-cb85-4ff6-9cd6-863c42e17bac"},"ok":true},"imei":"123","toId":"lyx1"}
2024-08-29 21:23:48 -send messge == {"appId":10000,"clientType":1,"command":1103,"data":{"toId":"lyx2","messageKey":374628998447105,"clientType":1,"messageBody":"aaa","appId":10000,"imei":"123","messageId":"bea3fdd5-cb85-4ff6-9cd6-863c42e17bac","messageSequence":0,"fromId":"lyx1"},"imei":"500","toId":"lyx1"}
2024-08-29 21:23:48 -send messge == {"appId":10000,"clientType":1,"command":1103,"data":{"toId":"lyx2","messageKey":374628998447105,"clientType":1,"messageBody":"aaa","appId":10000,"imei":"123","messageId":"bea3fdd5-cb85-4ff6-9cd6-863c42e17bac","messageSequence":0,"fromId":"lyx1"},"imei":"300","toId":"lyx1"}
2024-08-29 21:23:48 -send messge == {"appId":10000,"clientType":2,"command":1103,"data":{"toId":"lyx2","messageKey":374628998447105,"clientType":1,"messageBody":"aaa","appId":10000,"imei":"123","messageId":"bea3fdd5-cb85-4ff6-9cd6-863c42e17bac","messageSequence":0,"fromId":"lyx1"},"imei":"1234","toId":"lyx1"}
2024-08-29 21:23:48 -send messge == {"appId":10000,"clientType":1,"command":1103,"data":{"toId":"lyx2","messageKey":374628998447105,"clientType":1,"messageBody":"aaa","appId":10000,"imei":"123","messageId":"bea3fdd5-cb85-4ff6-9cd6-863c42e17bac","messageSequence":0,"fromId":"lyx1"},"imei":"122","toId":"lyx1"}
2024-08-29 21:23:48 -send messge == {"appId":10000,"clientType":1,"command":1103,"data":{"toId":"lyx2","messageKey":374628998447105,"clientType":1,"messageBody":"aaa","appId":10000,"imei":"123","messageId":"bea3fdd5-cb85-4ff6-9cd6-863c42e17bac","messageSequence":0,"fromId":"lyx1"},"imei":"100","toId":"lyx2"}
2024-08-29 21:23:48 -send messge == {"appId":10000,"clientType":1,"command":1103,"data":{"toId":"lyx2","messageKey":374628998447105,"clientType":1,"messageBody":"aaa","appId":10000,"imei":"123","messageId":"bea3fdd5-cb85-4ff6-9cd6-863c42e17bac","messageSequence":0,"fromId":"lyx1"},"imei":"223","toId":"lyx2"}
2024-08-29 21:23:48 -send messge == {"appId":10000,"clientType":1,"command":1103,"data":{"toId":"lyx2","messageKey":374628998447105,"clientType":1,"messageBody":"aaa","appId":10000,"imei":"123","messageId":"bea3fdd5-cb85-4ff6-9cd6-863c42e17bac","messageSequence":0,"fromId":"lyx1"},"imei":"400","toId":"lyx2"}
2024-08-29 21:23:48 -send messge == {"appId":10000,"clientType":1,"command":1103,"data":{"toId":"lyx2","messageKey":374628998447105,"clientType":1,"messageBody":"aaa","appId":10000,"imei":"123","messageId":"bea3fdd5-cb85-4ff6-9cd6-863c42e17bac","messageSequence":0,"fromId":"lyx1"},"imei":"500","toId":"lyx2"}
2024-08-29 21:38:37 -Waiting for workers to finish.
2024-08-29 21:38:38 -Successfully waited for workers to finish.
2024-08-29 21:38:38 -Waiting for workers to finish.
2024-08-29 21:38:38 -Successfully waited for workers to finish.
2024-08-29 21:38:38 -Shutdown ignored - container is not active already
2024-08-29 21:38:38 -Shutdown ignored - container is not active already
2024-08-29 21:38:38 -Shutting down ExecutorService 'applicationTaskExecutor'
2024-08-29 21:38:43 -HikariPool-1 - Shutdown initiated...
2024-08-29 21:38:43 -HikariPool-1 - Shutdown completed.
2024-08-29 21:38:49 -Starting Application on bless with PID 98500 (E:\code\im-system\service\target\classes started by bless in E:\code\im-system)
2024-08-29 21:38:49 -The following profiles are active: dev
2024-08-29 21:38:50 -Multiple Spring Data modules found, entering strict repository configuration mode!
2024-08-29 21:38:50 -Bootstrapping Spring Data Redis repositories in DEFAULT mode.
2024-08-29 21:38:50 -Finished Spring Data repository scanning in 20ms. Found 0 Redis repository interfaces.
2024-08-29 21:38:50 -Tomcat initialized with port(s): 8000 (http)
2024-08-29 21:38:50 -Initializing ProtocolHandler ["http-nio-8000"]
2024-08-29 21:38:50 -Starting service [Tomcat]
2024-08-29 21:38:50 -Starting Servlet engine: [Apache Tomcat/9.0.37]
2024-08-29 21:38:50 -Loaded Apache Tomcat Native library [2.0.6] using APR version [1.7.4].
2024-08-29 21:38:50 -APR capabilities: IPv6 [true], sendfile [true], accept filters [false], random [true].
2024-08-29 21:38:50 -APR/OpenSSL configuration: useAprConnector [false], useOpenSSL [true]
2024-08-29 21:38:50 -OpenSSL successfully initialized [OpenSSL 3.0.11 19 Sep 2023]
2024-08-29 21:38:50 -Initializing Spring embedded WebApplicationContext
2024-08-29 21:38:50 -Root WebApplicationContext: initialization completed in 900 ms
2024-08-29 21:38:52 -Initializing ExecutorService 'applicationTaskExecutor'
2024-08-29 21:38:52 -Starting ProtocolHandler ["http-nio-8000"]
2024-08-29 21:38:52 -Tomcat started on port(s): 8000 (http) with context path ''
2024-08-29 21:38:52 -Attempting to connect to: [123.60.15.140:5672]
2024-08-29 21:38:57 -Created new connection: rabbitConnectionFactory#2373ad99:0/SimpleConnection@1e1232cf [delegate=amqp://guest@123.60.15.140:5672/, localPort= 60494]
2024-08-29 21:38:59 -Started Application in 9.551 seconds (JVM running for 10.245)
2024-08-29 21:39:29 -CHAT MSG FORM QUEUE ::: {"clientType":1,"messageBody":"群消息","groupId":"group1","appId":10000,"messageId":"f43418b6-c8d7-4b2c-bf02-01a0935b3e74","imei":"123","fromId":"lyx1","command":2104}
2024-08-29 21:39:29 -HikariPool-1 - Starting...
2024-08-29 21:39:29 -HikariPool-1 - Start completed.
2024-08-29 21:39:30 -send messge == {"appId":10000,"clientType":1,"command":2104,"data":{"msg":"success","code":200,"data":{"messageId":"f43418b6-c8d7-4b2c-bf02-01a0935b3e74"},"ok":true},"imei":"123","toId":"lyx1"}
2024-08-29 21:39:31 -send messge == {"appId":10000,"clientType":1,"command":1103,"data":{"messageKey":374630973964289,"clientType":1,"messageBody":"群消息","appId":10000,"groupId":"group1","imei":"123","messageId":"f43418b6-c8d7-4b2c-bf02-01a0935b3e74","messageSequence":0,"fromId":"lyx1"},"imei":"500","toId":"lyx1"}
2024-08-29 21:39:31 -send messge == {"appId":10000,"clientType":1,"command":1103,"data":{"messageKey":374630973964289,"clientType":1,"messageBody":"群消息","appId":10000,"groupId":"group1","imei":"123","messageId":"f43418b6-c8d7-4b2c-bf02-01a0935b3e74","messageSequence":0,"fromId":"lyx1"},"imei":"300","toId":"lyx1"}
2024-08-29 21:39:31 -send messge == {"appId":10000,"clientType":2,"command":1103,"data":{"messageKey":374630973964289,"clientType":1,"messageBody":"群消息","appId":10000,"groupId":"group1","imei":"123","messageId":"f43418b6-c8d7-4b2c-bf02-01a0935b3e74","messageSequence":0,"fromId":"lyx1"},"imei":"1234","toId":"lyx1"}
2024-08-29 21:39:31 -send messge == {"appId":10000,"clientType":1,"command":1103,"data":{"messageKey":374630973964289,"clientType":1,"messageBody":"群消息","appId":10000,"groupId":"group1","imei":"123","messageId":"f43418b6-c8d7-4b2c-bf02-01a0935b3e74","messageSequence":0,"fromId":"lyx1"},"imei":"122","toId":"lyx1"}
2024-08-29 21:39:31 -send messge == {"appId":10000,"clientType":1,"command":2104,"data":{"messageKey":374630973964289,"clientType":1,"messageBody":"群消息","appId":10000,"groupId":"group1","imei":"123","messageId":"f43418b6-c8d7-4b2c-bf02-01a0935b3e74","messageSequence":0,"fromId":"lyx1"},"imei":"100","toId":"lyx2"}
2024-08-29 21:39:31 -send messge == {"appId":10000,"clientType":1,"command":2104,"data":{"messageKey":374630973964289,"clientType":1,"messageBody":"群消息","appId":10000,"groupId":"group1","imei":"123","messageId":"f43418b6-c8d7-4b2c-bf02-01a0935b3e74","messageSequence":0,"fromId":"lyx1"},"imei":"223","toId":"lyx2"}
2024-08-29 21:39:31 -send messge == {"appId":10000,"clientType":1,"command":2104,"data":{"messageKey":374630973964289,"clientType":1,"messageBody":"群消息","appId":10000,"groupId":"group1","imei":"123","messageId":"f43418b6-c8d7-4b2c-bf02-01a0935b3e74","messageSequence":0,"fromId":"lyx1"},"imei":"400","toId":"lyx2"}
2024-08-29 21:39:31 -send messge == {"appId":10000,"clientType":1,"command":2104,"data":{"messageKey":374630973964289,"clientType":1,"messageBody":"群消息","appId":10000,"groupId":"group1","imei":"123","messageId":"f43418b6-c8d7-4b2c-bf02-01a0935b3e74","messageSequence":0,"fromId":"lyx1"},"imei":"500","toId":"lyx2"}
2024-08-29 21:51:37 -Waiting for workers to finish.
2024-08-29 21:51:37 -Successfully waited for workers to finish.
2024-08-29 21:51:37 -Waiting for workers to finish.
2024-08-29 21:51:37 -Successfully waited for workers to finish.
2024-08-29 21:51:37 -Shutdown ignored - container is not active already
2024-08-29 21:51:37 -Shutdown ignored - container is not active already
2024-08-29 21:51:37 -Shutting down ExecutorService 'applicationTaskExecutor'
2024-08-29 21:51:42 -HikariPool-1 - Shutdown initiated...
2024-08-29 21:51:42 -HikariPool-1 - Shutdown completed.
2024-08-29 21:51:48 -Starting Application on bless with PID 86448 (E:\code\im-system\service\target\classes started by bless in E:\code\im-system)
2024-08-29 21:51:48 -The following profiles are active: dev
2024-08-29 21:51:49 -Multiple Spring Data modules found, entering strict repository configuration mode!
2024-08-29 21:51:49 -Bootstrapping Spring Data Redis repositories in DEFAULT mode.
2024-08-29 21:51:49 -Finished Spring Data repository scanning in 20ms. Found 0 Redis repository interfaces.
2024-08-29 21:51:49 -Tomcat initialized with port(s): 8000 (http)
2024-08-29 21:51:49 -Initializing ProtocolHandler ["http-nio-8000"]
2024-08-29 21:51:49 -Starting service [Tomcat]
2024-08-29 21:51:49 -Starting Servlet engine: [Apache Tomcat/9.0.37]
2024-08-29 21:51:49 -Loaded Apache Tomcat Native library [2.0.6] using APR version [1.7.4].
2024-08-29 21:51:49 -APR capabilities: IPv6 [true], sendfile [true], accept filters [false], random [true].
2024-08-29 21:51:49 -APR/OpenSSL configuration: useAprConnector [false], useOpenSSL [true]
2024-08-29 21:51:49 -OpenSSL successfully initialized [OpenSSL 3.0.11 19 Sep 2023]
2024-08-29 21:51:49 -Initializing Spring embedded WebApplicationContext
2024-08-29 21:51:49 -Root WebApplicationContext: initialization completed in 894 ms
2024-08-29 21:51:51 -Initializing ExecutorService 'applicationTaskExecutor'
2024-08-29 21:51:51 -Starting ProtocolHandler ["http-nio-8000"]
2024-08-29 21:51:51 -Tomcat started on port(s): 8000 (http) with context path ''
2024-08-29 21:51:51 -Attempting to connect to: [123.60.15.140:5672]
2024-08-29 21:51:51 -Created new connection: rabbitConnectionFactory#18578491:0/SimpleConnection@373052b5 [delegate=amqp://guest@123.60.15.140:5672/, localPort= 61332]
2024-08-29 21:51:57 -Started Application in 8.783 seconds (JVM running for 9.409)
2024-08-29 21:53:16 -Waiting for workers to finish.
2024-08-29 21:53:16 -Successfully waited for workers to finish.
2024-08-29 21:53:16 -Waiting for workers to finish.
2024-08-29 21:53:17 -Successfully waited for workers to finish.
2024-08-29 21:53:17 -Shutdown ignored - container is not active already
2024-08-29 21:53:17 -Shutdown ignored - container is not active already
2024-08-29 21:53:17 -Shutting down ExecutorService 'applicationTaskExecutor'
2024-08-29 21:53:27 -Starting Application on bless with PID 91420 (E:\code\im-system\service\target\classes started by bless in E:\code\im-system)
2024-08-29 21:53:27 -The following profiles are active: dev
2024-08-29 21:53:27 -Multiple Spring Data modules found, entering strict repository configuration mode!
2024-08-29 21:53:27 -Bootstrapping Spring Data Redis repositories in DEFAULT mode.
2024-08-29 21:53:27 -Finished Spring Data repository scanning in 19ms. Found 0 Redis repository interfaces.
2024-08-29 21:53:27 -Tomcat initialized with port(s): 8000 (http)
2024-08-29 21:53:27 -Initializing ProtocolHandler ["http-nio-8000"]
2024-08-29 21:53:27 -Starting service [Tomcat]
2024-08-29 21:53:27 -Starting Servlet engine: [Apache Tomcat/9.0.37]
2024-08-29 21:53:27 -Loaded Apache Tomcat Native library [2.0.6] using APR version [1.7.4].
2024-08-29 21:53:28 -APR capabilities: IPv6 [true], sendfile [true], accept filters [false], random [true].
2024-08-29 21:53:28 -APR/OpenSSL configuration: useAprConnector [false], useOpenSSL [true]
2024-08-29 21:53:28 -OpenSSL successfully initialized [OpenSSL 3.0.11 19 Sep 2023]
2024-08-29 21:53:28 -Initializing Spring embedded WebApplicationContext
2024-08-29 21:53:28 -Root WebApplicationContext: initialization completed in 825 ms
2024-08-29 21:53:29 -Initializing ExecutorService 'applicationTaskExecutor'
2024-08-29 21:53:29 -Starting ProtocolHandler ["http-nio-8000"]
2024-08-29 21:53:29 -Tomcat started on port(s): 8000 (http) with context path ''
2024-08-29 21:53:29 -Attempting to connect to: [123.60.15.140:5672]
2024-08-29 21:53:30 -Created new connection: rabbitConnectionFactory#70730db:0/SimpleConnection@1e3df614 [delegate=amqp://guest@123.60.15.140:5672/, localPort= 61445]
2024-08-29 21:53:31 -Started Application in 4.564 seconds (JVM running for 5.199)
2024-08-29 21:56:21 -Initializing Spring DispatcherServlet 'dispatcherServlet'
2024-08-29 21:56:21 -Initializing Servlet 'dispatcherServlet'
2024-08-29 21:56:21 -Completed initialization in 3 ms
2024-08-29 21:56:21 -HikariPool-1 - Starting...
2024-08-29 21:56:21 -HikariPool-1 - Start completed.
2024-08-29 21:56:22 -send messge == {"appId":10000,"clientType":1,"command":1103,"data":{"messageKey":374633096282113,"messageTime":0,"clientType":1,"messageBody":"test1","appId":10000,"groupId":"group1","imei":"123","messageSequence":0,"fromId":"lyx1"},"imei":"500","toId":"lyx1"}
2024-08-29 21:56:22 -send messge == {"appId":10000,"clientType":1,"command":1103,"data":{"messageKey":374633096282113,"messageTime":0,"clientType":1,"messageBody":"test1","appId":10000,"groupId":"group1","imei":"123","messageSequence":0,"fromId":"lyx1"},"imei":"300","toId":"lyx1"}
2024-08-29 21:56:22 -send messge == {"appId":10000,"clientType":2,"command":1103,"data":{"messageKey":374633096282113,"messageTime":0,"clientType":1,"messageBody":"test1","appId":10000,"groupId":"group1","imei":"123","messageSequence":0,"fromId":"lyx1"},"imei":"1234","toId":"lyx1"}
2024-08-29 21:56:22 -send messge == {"appId":10000,"clientType":1,"command":1103,"data":{"messageKey":374633096282113,"messageTime":0,"clientType":1,"messageBody":"test1","appId":10000,"groupId":"group1","imei":"123","messageSequence":0,"fromId":"lyx1"},"imei":"122","toId":"lyx1"}
2024-08-29 21:56:22 -send messge == {"appId":10000,"clientType":1,"command":2104,"data":{"messageKey":374633096282113,"messageTime":0,"clientType":1,"messageBody":"test1","appId":10000,"groupId":"group1","imei":"123","messageSequence":0,"fromId":"lyx1"},"imei":"100","toId":"lyx2"}
2024-08-29 21:56:22 -send messge == {"appId":10000,"clientType":1,"command":2104,"data":{"messageKey":374633096282113,"messageTime":0,"clientType":1,"messageBody":"test1","appId":10000,"groupId":"group1","imei":"123","messageSequence":0,"fromId":"lyx1"},"imei":"223","toId":"lyx2"}
2024-08-29 21:56:22 -send messge == {"appId":10000,"clientType":1,"command":2104,"data":{"messageKey":374633096282113,"messageTime":0,"clientType":1,"messageBody":"test1","appId":10000,"groupId":"group1","imei":"123","messageSequence":0,"fromId":"lyx1"},"imei":"400","toId":"lyx2"}
2024-08-29 21:56:22 -send messge == {"appId":10000,"clientType":1,"command":2104,"data":{"messageKey":374633096282113,"messageTime":0,"clientType":1,"messageBody":"test1","appId":10000,"groupId":"group1","imei":"123","messageSequence":0,"fromId":"lyx1"},"imei":"500","toId":"lyx2"}
2024-08-29 21:58:48 -send messge == {"appId":10000,"clientType":1,"command":1103,"data":{"toId":"lyx2","messageKey":374633404563457,"messageTime":0,"clientType":1,"messageBody":"test2","appId":10000,"imei":"111","messageSequence":0,"fromId":"lyx1"},"imei":"500","toId":"lyx1"}
2024-08-29 21:58:48 -send messge == {"appId":10000,"clientType":1,"command":1103,"data":{"toId":"lyx2","messageKey":374633404563457,"messageTime":0,"clientType":1,"messageBody":"test2","appId":10000,"imei":"111","messageSequence":0,"fromId":"lyx1"},"imei":"300","toId":"lyx1"}
2024-08-29 21:58:48 -send messge == {"appId":10000,"clientType":1,"command":1103,"data":{"toId":"lyx2","messageKey":374633404563457,"messageTime":0,"clientType":1,"messageBody":"test2","appId":10000,"imei":"111","messageSequence":0,"fromId":"lyx1"},"imei":"123","toId":"lyx1"}
2024-08-29 21:58:48 -send messge == {"appId":10000,"clientType":2,"command":1103,"data":{"toId":"lyx2","messageKey":374633404563457,"messageTime":0,"clientType":1,"messageBody":"test2","appId":10000,"imei":"111","messageSequence":0,"fromId":"lyx1"},"imei":"1234","toId":"lyx1"}
2024-08-29 21:58:48 -send messge == {"appId":10000,"clientType":1,"command":1103,"data":{"toId":"lyx2","messageKey":374633404563457,"messageTime":0,"clientType":1,"messageBody":"test2","appId":10000,"imei":"111","messageSequence":0,"fromId":"lyx1"},"imei":"122","toId":"lyx1"}
2024-08-29 21:58:48 -send messge == {"appId":10000,"clientType":1,"command":1103,"data":{"toId":"lyx2","messageKey":374633404563457,"messageTime":0,"clientType":1,"messageBody":"test2","appId":10000,"imei":"111","messageSequence":0,"fromId":"lyx1"},"imei":"100","toId":"lyx2"}
2024-08-29 21:58:48 -send messge == {"appId":10000,"clientType":1,"command":1103,"data":{"toId":"lyx2","messageKey":374633404563457,"messageTime":0,"clientType":1,"messageBody":"test2","appId":10000,"imei":"111","messageSequence":0,"fromId":"lyx1"},"imei":"223","toId":"lyx2"}
2024-08-29 21:58:48 -send messge == {"appId":10000,"clientType":1,"command":1103,"data":{"toId":"lyx2","messageKey":374633404563457,"messageTime":0,"clientType":1,"messageBody":"test2","appId":10000,"imei":"111","messageSequence":0,"fromId":"lyx1"},"imei":"400","toId":"lyx2"}
2024-08-29 21:58:48 -send messge == {"appId":10000,"clientType":1,"command":1103,"data":{"toId":"lyx2","messageKey":374633404563457,"messageTime":0,"clientType":1,"messageBody":"test2","appId":10000,"imei":"111","messageSequence":0,"fromId":"lyx1"},"imei":"500","toId":"lyx2"}
2024-08-29 22:00:06 -send messge == {"appId":10000,"clientType":1,"command":1103,"data":{"toId":"lyx2","messageKey":374633568141313,"messageTime":0,"clientType":1,"messageBody":"t1","appId":10000,"imei":"111","messageId":"098","messageSequence":0,"fromId":"lyx1"},"imei":"500","toId":"lyx1"}
2024-08-29 22:00:06 -send messge == {"appId":10000,"clientType":1,"command":1103,"data":{"toId":"lyx2","messageKey":374633568141313,"messageTime":0,"clientType":1,"messageBody":"t1","appId":10000,"imei":"111","messageId":"098","messageSequence":0,"fromId":"lyx1"},"imei":"300","toId":"lyx1"}
2024-08-29 22:00:06 -send messge == {"appId":10000,"clientType":1,"command":1103,"data":{"toId":"lyx2","messageKey":374633568141313,"messageTime":0,"clientType":1,"messageBody":"t1","appId":10000,"imei":"111","messageId":"098","messageSequence":0,"fromId":"lyx1"},"imei":"123","toId":"lyx1"}
2024-08-29 22:00:06 -send messge == {"appId":10000,"clientType":2,"command":1103,"data":{"toId":"lyx2","messageKey":374633568141313,"messageTime":0,"clientType":1,"messageBody":"t1","appId":10000,"imei":"111","messageId":"098","messageSequence":0,"fromId":"lyx1"},"imei":"1234","toId":"lyx1"}
2024-08-29 22:00:06 -send messge == {"appId":10000,"clientType":1,"command":1103,"data":{"toId":"lyx2","messageKey":374633568141313,"messageTime":0,"clientType":1,"messageBody":"t1","appId":10000,"imei":"111","messageId":"098","messageSequence":0,"fromId":"lyx1"},"imei":"122","toId":"lyx1"}
2024-08-29 22:00:06 -send messge == {"appId":10000,"clientType":1,"command":1103,"data":{"toId":"lyx2","messageKey":374633568141313,"messageTime":0,"clientType":1,"messageBody":"t1","appId":10000,"imei":"111","messageId":"098","messageSequence":0,"fromId":"lyx1"},"imei":"100","toId":"lyx2"}
2024-08-29 22:00:06 -send messge == {"appId":10000,"clientType":1,"command":1103,"data":{"toId":"lyx2","messageKey":374633568141313,"messageTime":0,"clientType":1,"messageBody":"t1","appId":10000,"imei":"111","messageId":"098","messageSequence":0,"fromId":"lyx1"},"imei":"223","toId":"lyx2"}
2024-08-29 22:00:06 -send messge == {"appId":10000,"clientType":1,"command":1103,"data":{"toId":"lyx2","messageKey":374633568141313,"messageTime":0,"clientType":1,"messageBody":"t1","appId":10000,"imei":"111","messageId":"098","messageSequence":0,"fromId":"lyx1"},"imei":"400","toId":"lyx2"}
2024-08-29 22:00:06 -send messge == {"appId":10000,"clientType":1,"command":1103,"data":{"toId":"lyx2","messageKey":374633568141313,"messageTime":0,"clientType":1,"messageBody":"t1","appId":10000,"imei":"111","messageId":"098","messageSequence":0,"fromId":"lyx1"},"imei":"500","toId":"lyx2"}
2024-08-29 22:51:55 -Waiting for workers to finish.
2024-08-29 22:51:56 -Successfully waited for workers to finish.
2024-08-29 22:51:56 -Waiting for workers to finish.
2024-08-29 22:51:56 -Successfully waited for workers to finish.
2024-08-29 22:51:56 -Shutdown ignored - container is not active already
2024-08-29 22:51:56 -Shutdown ignored - container is not active already
2024-08-29 22:51:56 -Shutting down ExecutorService 'applicationTaskExecutor'
2024-08-29 22:52:01 -HikariPool-1 - Shutdown initiated...
2024-08-29 22:52:01 -HikariPool-1 - Shutdown completed.
