2024-08-21 10:24:06 -HikariPool-1 - Thread starvation or clock leap detected (housekeeper delta=10h42m40s616ms78µs800ns).
2024-08-21 11:23:32 -Shutting down ExecutorService 'applicationTaskExecutor'
2024-08-21 11:23:32 -HikariPool-1 - Shutdown initiated...
2024-08-21 11:23:32 -HikariPool-1 - Shutdown completed.
2024-08-21 11:24:16 -Starting Application on bless with PID 55396 (E:\code\im-system\service\target\classes started by bless in E:\code\im-system)
2024-08-21 11:24:16 -The following profiles are active: dev
2024-08-21 11:24:16 -Multiple Spring Data modules found, entering strict repository configuration mode!
2024-08-21 11:24:16 -Bootstrapping Spring Data Redis repositories in DEFAULT mode.
2024-08-21 11:24:16 -Finished Spring Data repository scanning in 17ms. Found 0 Redis repository interfaces.
2024-08-21 11:24:17 -Tomcat initialized with port(s): 8000 (http)
2024-08-21 11:24:17 -Initializing ProtocolHandler ["http-nio-8000"]
2024-08-21 11:24:17 -Starting service [Tomcat]
2024-08-21 11:24:17 -Starting Servlet engine: [Apache Tomcat/9.0.37]
2024-08-21 11:24:17 -Loaded Apache Tomcat Native library [2.0.6] using APR version [1.7.4].
2024-08-21 11:24:17 -APR capabilities: IPv6 [true], sendfile [true], accept filters [false], random [true].
2024-08-21 11:24:17 -APR/OpenSSL configuration: useAprConnector [false], useOpenSSL [true]
2024-08-21 11:24:17 -OpenSSL successfully initialized [OpenSSL 3.0.11 19 Sep 2023]
2024-08-21 11:24:17 -Initializing Spring embedded WebApplicationContext
2024-08-21 11:24:17 -Root WebApplicationContext: initialization completed in 870 ms
2024-08-21 11:24:18 -Initializing ExecutorService 'applicationTaskExecutor'
2024-08-21 11:24:18 -Starting ProtocolHandler ["http-nio-8000"]
2024-08-21 11:24:18 -Tomcat started on port(s): 8000 (http) with context path ''
2024-08-21 11:24:18 -Started Application in 2.745 seconds (JVM running for 3.476)
2024-08-21 11:28:16 -Initializing Spring DispatcherServlet 'dispatcherServlet'
2024-08-21 11:28:16 -Initializing Servlet 'dispatcherServlet'
2024-08-21 11:28:16 -Completed initialization in 3 ms
2024-08-21 11:28:17 -HikariPool-1 - Starting...
2024-08-21 11:28:17 -HikariPool-1 - Start completed.
2024-08-21 11:41:37 -Shutting down ExecutorService 'applicationTaskExecutor'
2024-08-21 11:41:37 -HikariPool-1 - Shutdown initiated...
2024-08-21 11:41:37 -HikariPool-1 - Shutdown completed.
2024-08-21 11:41:46 -Starting Application on bless with PID 11136 (E:\code\im-system\service\target\classes started by bless in E:\code\im-system)
2024-08-21 11:41:46 -The following profiles are active: dev
2024-08-21 11:41:46 -Multiple Spring Data modules found, entering strict repository configuration mode!
2024-08-21 11:41:46 -Bootstrapping Spring Data Redis repositories in DEFAULT mode.
2024-08-21 11:41:46 -Finished Spring Data repository scanning in 15ms. Found 0 Redis repository interfaces.
2024-08-21 11:41:47 -Tomcat initialized with port(s): 8000 (http)
2024-08-21 11:41:47 -Initializing ProtocolHandler ["http-nio-8000"]
2024-08-21 11:41:47 -Starting service [Tomcat]
2024-08-21 11:41:47 -Starting Servlet engine: [Apache Tomcat/9.0.37]
2024-08-21 11:41:47 -Loaded Apache Tomcat Native library [2.0.6] using APR version [1.7.4].
2024-08-21 11:41:47 -APR capabilities: IPv6 [true], sendfile [true], accept filters [false], random [true].
2024-08-21 11:41:47 -APR/OpenSSL configuration: useAprConnector [false], useOpenSSL [true]
2024-08-21 11:41:47 -OpenSSL successfully initialized [OpenSSL 3.0.11 19 Sep 2023]
2024-08-21 11:41:47 -Initializing Spring embedded WebApplicationContext
2024-08-21 11:41:47 -Root WebApplicationContext: initialization completed in 865 ms
2024-08-21 11:41:48 -Initializing ExecutorService 'applicationTaskExecutor'
2024-08-21 11:41:48 -Starting ProtocolHandler ["http-nio-8000"]
2024-08-21 11:41:48 -Tomcat started on port(s): 8000 (http) with context path ''
2024-08-21 11:41:48 -Started Application in 2.767 seconds (JVM running for 3.485)
2024-08-21 11:43:00 -Initializing Spring DispatcherServlet 'dispatcherServlet'
2024-08-21 11:43:00 -Initializing Servlet 'dispatcherServlet'
2024-08-21 11:43:00 -Completed initialization in 4 ms
2024-08-21 11:43:53 -HikariPool-1 - Starting...
2024-08-21 11:43:53 -HikariPool-1 - Start completed.
2024-08-21 12:31:08 -Shutting down ExecutorService 'applicationTaskExecutor'
2024-08-21 12:31:08 -HikariPool-1 - Shutdown initiated...
2024-08-21 12:31:08 -HikariPool-1 - Shutdown completed.
2024-08-21 12:31:15 -Starting Application on bless with PID 63396 (E:\code\im-system\service\target\classes started by bless in E:\code\im-system)
2024-08-21 12:31:15 -The following profiles are active: dev
2024-08-21 12:31:16 -Multiple Spring Data modules found, entering strict repository configuration mode!
2024-08-21 12:31:16 -Bootstrapping Spring Data Redis repositories in DEFAULT mode.
2024-08-21 12:31:16 -Finished Spring Data repository scanning in 16ms. Found 0 Redis repository interfaces.
2024-08-21 12:31:16 -Tomcat initialized with port(s): 8000 (http)
2024-08-21 12:31:16 -Initializing ProtocolHandler ["http-nio-8000"]
2024-08-21 12:31:16 -Starting service [Tomcat]
2024-08-21 12:31:16 -Starting Servlet engine: [Apache Tomcat/9.0.37]
2024-08-21 12:31:16 -Loaded Apache Tomcat Native library [2.0.6] using APR version [1.7.4].
2024-08-21 12:31:16 -APR capabilities: IPv6 [true], sendfile [true], accept filters [false], random [true].
2024-08-21 12:31:16 -APR/OpenSSL configuration: useAprConnector [false], useOpenSSL [true]
2024-08-21 12:31:16 -OpenSSL successfully initialized [OpenSSL 3.0.11 19 Sep 2023]
2024-08-21 12:31:16 -Initializing Spring embedded WebApplicationContext
2024-08-21 12:31:16 -Root WebApplicationContext: initialization completed in 799 ms
2024-08-21 12:31:17 -Initializing ExecutorService 'applicationTaskExecutor'
2024-08-21 12:31:18 -Starting ProtocolHandler ["http-nio-8000"]
2024-08-21 12:31:18 -Tomcat started on port(s): 8000 (http) with context path ''
2024-08-21 12:31:18 -Started Application in 2.612 seconds (JVM running for 3.252)
2024-08-21 12:34:05 -Initializing Spring DispatcherServlet 'dispatcherServlet'
2024-08-21 12:34:05 -Initializing Servlet 'dispatcherServlet'
2024-08-21 12:34:05 -Completed initialization in 4 ms
2024-08-21 12:34:05 -HikariPool-1 - Starting...
2024-08-21 12:34:05 -HikariPool-1 - Start completed.
2024-08-21 13:33:41 -Shutting down ExecutorService 'applicationTaskExecutor'
2024-08-21 13:33:41 -HikariPool-1 - Shutdown initiated...
2024-08-21 13:33:41 -HikariPool-1 - Shutdown completed.
2024-08-21 13:33:50 -Starting Application on bless with PID 48644 (E:\code\im-system\service\target\classes started by bless in E:\code\im-system)
2024-08-21 13:33:50 -The following profiles are active: dev
2024-08-21 13:33:51 -Multiple Spring Data modules found, entering strict repository configuration mode!
2024-08-21 13:33:51 -Bootstrapping Spring Data Redis repositories in DEFAULT mode.
2024-08-21 13:33:51 -Finished Spring Data repository scanning in 18ms. Found 0 Redis repository interfaces.
2024-08-21 13:33:51 -Tomcat initialized with port(s): 8000 (http)
2024-08-21 13:33:51 -Initializing ProtocolHandler ["http-nio-8000"]
2024-08-21 13:33:51 -Starting service [Tomcat]
2024-08-21 13:33:51 -Starting Servlet engine: [Apache Tomcat/9.0.37]
2024-08-21 13:33:51 -Loaded Apache Tomcat Native library [2.0.6] using APR version [1.7.4].
2024-08-21 13:33:51 -APR capabilities: IPv6 [true], sendfile [true], accept filters [false], random [true].
2024-08-21 13:33:51 -APR/OpenSSL configuration: useAprConnector [false], useOpenSSL [true]
2024-08-21 13:33:51 -OpenSSL successfully initialized [OpenSSL 3.0.11 19 Sep 2023]
2024-08-21 13:33:51 -Initializing Spring embedded WebApplicationContext
2024-08-21 13:33:51 -Root WebApplicationContext: initialization completed in 912 ms
2024-08-21 13:33:52 -Initializing ExecutorService 'applicationTaskExecutor'
2024-08-21 13:33:52 -Starting ProtocolHandler ["http-nio-8000"]
2024-08-21 13:33:52 -Tomcat started on port(s): 8000 (http) with context path ''
2024-08-21 13:33:52 -Started Application in 2.733 seconds (JVM running for 3.39)
2024-08-21 13:35:17 -Initializing Spring DispatcherServlet 'dispatcherServlet'
2024-08-21 13:35:17 -Initializing Servlet 'dispatcherServlet'
2024-08-21 13:35:17 -Completed initialization in 3 ms
2024-08-21 13:35:17 -HikariPool-1 - Starting...
2024-08-21 13:35:17 -HikariPool-1 - Start completed.
2024-08-21 13:37:16 -Shutting down ExecutorService 'applicationTaskExecutor'
2024-08-21 13:37:16 -HikariPool-1 - Shutdown initiated...
2024-08-21 13:37:16 -HikariPool-1 - Shutdown completed.
2024-08-21 13:37:18 -Starting Application on bless with PID 63108 (E:\code\im-system\service\target\classes started by bless in E:\code\im-system)
2024-08-21 13:37:18 -The following profiles are active: dev
2024-08-21 13:37:19 -Multiple Spring Data modules found, entering strict repository configuration mode!
2024-08-21 13:37:19 -Bootstrapping Spring Data Redis repositories in DEFAULT mode.
2024-08-21 13:37:19 -Finished Spring Data repository scanning in 24ms. Found 0 Redis repository interfaces.
2024-08-21 13:37:19 -Tomcat initialized with port(s): 8000 (http)
2024-08-21 13:37:19 -Initializing ProtocolHandler ["http-nio-8000"]
2024-08-21 13:37:19 -Starting service [Tomcat]
2024-08-21 13:37:19 -Starting Servlet engine: [Apache Tomcat/9.0.37]
2024-08-21 13:37:19 -Loaded Apache Tomcat Native library [2.0.6] using APR version [1.7.4].
2024-08-21 13:37:19 -APR capabilities: IPv6 [true], sendfile [true], accept filters [false], random [true].
2024-08-21 13:37:19 -APR/OpenSSL configuration: useAprConnector [false], useOpenSSL [true]
2024-08-21 13:37:19 -OpenSSL successfully initialized [OpenSSL 3.0.11 19 Sep 2023]
2024-08-21 13:37:19 -Initializing Spring embedded WebApplicationContext
2024-08-21 13:37:19 -Root WebApplicationContext: initialization completed in 878 ms
2024-08-21 13:37:20 -Initializing ExecutorService 'applicationTaskExecutor'
2024-08-21 13:37:21 -Starting ProtocolHandler ["http-nio-8000"]
2024-08-21 13:37:21 -Tomcat started on port(s): 8000 (http) with context path ''
2024-08-21 13:37:21 -Started Application in 2.933 seconds (JVM running for 3.811)
2024-08-21 13:37:23 -Initializing Spring DispatcherServlet 'dispatcherServlet'
2024-08-21 13:37:23 -Initializing Servlet 'dispatcherServlet'
2024-08-21 13:37:23 -Completed initialization in 5 ms
2024-08-21 13:37:44 -HikariPool-1 - Starting...
2024-08-21 13:37:44 -HikariPool-1 - Start completed.
2024-08-21 13:39:57 -HikariPool-1 - Thread starvation or clock leap detected (housekeeper delta=2m12s424ms357µs300ns).
2024-08-21 13:39:57 -Shutting down ExecutorService 'applicationTaskExecutor'
2024-08-21 13:39:57 -HikariPool-1 - Shutdown initiated...
2024-08-21 13:39:57 -HikariPool-1 - Shutdown completed.
2024-08-21 13:40:00 -Starting Application on bless with PID 7316 (E:\code\im-system\service\target\classes started by bless in E:\code\im-system)
2024-08-21 13:40:00 -The following profiles are active: dev
2024-08-21 13:40:00 -Multiple Spring Data modules found, entering strict repository configuration mode!
2024-08-21 13:40:00 -Bootstrapping Spring Data Redis repositories in DEFAULT mode.
2024-08-21 13:40:00 -Finished Spring Data repository scanning in 16ms. Found 0 Redis repository interfaces.
2024-08-21 13:40:00 -Tomcat initialized with port(s): 8000 (http)
2024-08-21 13:40:00 -Initializing ProtocolHandler ["http-nio-8000"]
2024-08-21 13:40:00 -Starting service [Tomcat]
2024-08-21 13:40:00 -Starting Servlet engine: [Apache Tomcat/9.0.37]
2024-08-21 13:40:00 -Loaded Apache Tomcat Native library [2.0.6] using APR version [1.7.4].
2024-08-21 13:40:00 -APR capabilities: IPv6 [true], sendfile [true], accept filters [false], random [true].
2024-08-21 13:40:00 -APR/OpenSSL configuration: useAprConnector [false], useOpenSSL [true]
2024-08-21 13:40:00 -OpenSSL successfully initialized [OpenSSL 3.0.11 19 Sep 2023]
2024-08-21 13:40:00 -Initializing Spring embedded WebApplicationContext
2024-08-21 13:40:00 -Root WebApplicationContext: initialization completed in 771 ms
2024-08-21 13:40:01 -Initializing ExecutorService 'applicationTaskExecutor'
2024-08-21 13:40:02 -Starting ProtocolHandler ["http-nio-8000"]
2024-08-21 13:40:02 -Tomcat started on port(s): 8000 (http) with context path ''
2024-08-21 13:40:02 -Started Application in 2.629 seconds (JVM running for 3.349)
2024-08-21 13:40:11 -Initializing Spring DispatcherServlet 'dispatcherServlet'
2024-08-21 13:40:11 -Initializing Servlet 'dispatcherServlet'
2024-08-21 13:40:11 -Completed initialization in 4 ms
2024-08-21 13:40:11 -HikariPool-1 - Starting...
2024-08-21 13:40:11 -HikariPool-1 - Start completed.
2024-08-21 13:56:24 -Shutting down ExecutorService 'applicationTaskExecutor'
2024-08-21 13:56:24 -HikariPool-1 - Shutdown initiated...
2024-08-21 13:56:24 -HikariPool-1 - Shutdown completed.
2024-08-21 13:56:31 -Starting Application on bless with PID 55636 (E:\code\im-system\service\target\classes started by bless in E:\code\im-system)
2024-08-21 13:56:31 -The following profiles are active: dev
2024-08-21 13:56:32 -Multiple Spring Data modules found, entering strict repository configuration mode!
2024-08-21 13:56:32 -Bootstrapping Spring Data Redis repositories in DEFAULT mode.
2024-08-21 13:56:32 -Finished Spring Data repository scanning in 16ms. Found 0 Redis repository interfaces.
2024-08-21 13:56:32 -Tomcat initialized with port(s): 8000 (http)
2024-08-21 13:56:32 -Initializing ProtocolHandler ["http-nio-8000"]
2024-08-21 13:56:32 -Starting service [Tomcat]
2024-08-21 13:56:32 -Starting Servlet engine: [Apache Tomcat/9.0.37]
2024-08-21 13:56:32 -Loaded Apache Tomcat Native library [2.0.6] using APR version [1.7.4].
2024-08-21 13:56:32 -APR capabilities: IPv6 [true], sendfile [true], accept filters [false], random [true].
2024-08-21 13:56:32 -APR/OpenSSL configuration: useAprConnector [false], useOpenSSL [true]
2024-08-21 13:56:32 -OpenSSL successfully initialized [OpenSSL 3.0.11 19 Sep 2023]
2024-08-21 13:56:32 -Initializing Spring embedded WebApplicationContext
2024-08-21 13:56:32 -Root WebApplicationContext: initialization completed in 803 ms
2024-08-21 13:56:33 -Initializing ExecutorService 'applicationTaskExecutor'
2024-08-21 13:56:34 -Starting ProtocolHandler ["http-nio-8000"]
2024-08-21 13:56:34 -Tomcat started on port(s): 8000 (http) with context path ''
2024-08-21 13:56:34 -Started Application in 2.698 seconds (JVM running for 3.363)
2024-08-21 13:57:29 -Initializing Spring DispatcherServlet 'dispatcherServlet'
2024-08-21 13:57:29 -Initializing Servlet 'dispatcherServlet'
2024-08-21 13:57:29 -Completed initialization in 3 ms
2024-08-21 13:57:30 -HikariPool-1 - Starting...
2024-08-21 13:57:30 -HikariPool-1 - Start completed.
2024-08-21 14:20:17 -Shutting down ExecutorService 'applicationTaskExecutor'
2024-08-21 14:20:17 -HikariPool-1 - Shutdown initiated...
2024-08-21 14:20:17 -HikariPool-1 - Shutdown completed.
2024-08-21 14:20:24 -Starting Application on bless with PID 38848 (E:\code\im-system\service\target\classes started by bless in E:\code\im-system)
2024-08-21 14:20:24 -The following profiles are active: dev
2024-08-21 14:20:24 -Multiple Spring Data modules found, entering strict repository configuration mode!
2024-08-21 14:20:24 -Bootstrapping Spring Data Redis repositories in DEFAULT mode.
2024-08-21 14:20:24 -Finished Spring Data repository scanning in 16ms. Found 0 Redis repository interfaces.
2024-08-21 14:20:25 -Tomcat initialized with port(s): 8000 (http)
2024-08-21 14:20:25 -Initializing ProtocolHandler ["http-nio-8000"]
2024-08-21 14:20:25 -Starting service [Tomcat]
2024-08-21 14:20:25 -Starting Servlet engine: [Apache Tomcat/9.0.37]
2024-08-21 14:20:25 -Loaded Apache Tomcat Native library [2.0.6] using APR version [1.7.4].
2024-08-21 14:20:25 -APR capabilities: IPv6 [true], sendfile [true], accept filters [false], random [true].
2024-08-21 14:20:25 -APR/OpenSSL configuration: useAprConnector [false], useOpenSSL [true]
2024-08-21 14:20:25 -OpenSSL successfully initialized [OpenSSL 3.0.11 19 Sep 2023]
2024-08-21 14:20:25 -Initializing Spring embedded WebApplicationContext
2024-08-21 14:20:25 -Root WebApplicationContext: initialization completed in 826 ms
2024-08-21 14:20:25 -Initializing ExecutorService 'applicationTaskExecutor'
2024-08-21 14:20:26 -Starting ProtocolHandler ["http-nio-8000"]
2024-08-21 14:20:26 -Tomcat started on port(s): 8000 (http) with context path ''
2024-08-21 14:20:26 -Started Application in 2.651 seconds (JVM running for 3.3)
2024-08-21 14:20:32 -Initializing Spring DispatcherServlet 'dispatcherServlet'
2024-08-21 14:20:32 -Initializing Servlet 'dispatcherServlet'
2024-08-21 14:20:32 -Completed initialization in 3 ms
2024-08-21 14:20:32 -HikariPool-1 - Starting...
2024-08-21 14:20:32 -HikariPool-1 - Start completed.
2024-08-21 14:31:51 -Shutting down ExecutorService 'applicationTaskExecutor'
2024-08-21 14:31:51 -HikariPool-1 - Shutdown initiated...
2024-08-21 14:31:51 -HikariPool-1 - Shutdown completed.
2024-08-21 14:31:58 -Starting Application on bless with PID 62800 (E:\code\im-system\service\target\classes started by bless in E:\code\im-system)
2024-08-21 14:31:58 -The following profiles are active: dev
2024-08-21 14:31:58 -Multiple Spring Data modules found, entering strict repository configuration mode!
2024-08-21 14:31:58 -Bootstrapping Spring Data Redis repositories in DEFAULT mode.
2024-08-21 14:31:58 -Finished Spring Data repository scanning in 17ms. Found 0 Redis repository interfaces.
2024-08-21 14:31:58 -Tomcat initialized with port(s): 8000 (http)
2024-08-21 14:31:58 -Initializing ProtocolHandler ["http-nio-8000"]
2024-08-21 14:31:58 -Starting service [Tomcat]
2024-08-21 14:31:58 -Starting Servlet engine: [Apache Tomcat/9.0.37]
2024-08-21 14:31:58 -Loaded Apache Tomcat Native library [2.0.6] using APR version [1.7.4].
2024-08-21 14:31:58 -APR capabilities: IPv6 [true], sendfile [true], accept filters [false], random [true].
2024-08-21 14:31:58 -APR/OpenSSL configuration: useAprConnector [false], useOpenSSL [true]
2024-08-21 14:31:58 -OpenSSL successfully initialized [OpenSSL 3.0.11 19 Sep 2023]
2024-08-21 14:31:59 -Initializing Spring embedded WebApplicationContext
2024-08-21 14:31:59 -Root WebApplicationContext: initialization completed in 834 ms
2024-08-21 14:31:59 -Initializing ExecutorService 'applicationTaskExecutor'
2024-08-21 14:32:00 -Starting ProtocolHandler ["http-nio-8000"]
2024-08-21 14:32:00 -Tomcat started on port(s): 8000 (http) with context path ''
2024-08-21 14:32:00 -Started Application in 2.723 seconds (JVM running for 3.46)
2024-08-21 14:33:03 -Initializing Spring DispatcherServlet 'dispatcherServlet'
2024-08-21 14:33:03 -Initializing Servlet 'dispatcherServlet'
2024-08-21 14:33:03 -Completed initialization in 3 ms
2024-08-21 14:33:03 -HikariPool-1 - Starting...
2024-08-21 14:33:03 -HikariPool-1 - Start completed.
2024-08-21 14:33:34 -Shutting down ExecutorService 'applicationTaskExecutor'
2024-08-21 14:33:34 -HikariPool-1 - Shutdown initiated...
2024-08-21 14:33:34 -HikariPool-1 - Shutdown completed.
2024-08-21 14:33:36 -Starting Application on bless with PID 20492 (E:\code\im-system\service\target\classes started by bless in E:\code\im-system)
2024-08-21 14:33:36 -The following profiles are active: dev
2024-08-21 14:33:37 -Multiple Spring Data modules found, entering strict repository configuration mode!
2024-08-21 14:33:37 -Bootstrapping Spring Data Redis repositories in DEFAULT mode.
2024-08-21 14:33:37 -Finished Spring Data repository scanning in 19ms. Found 0 Redis repository interfaces.
2024-08-21 14:33:37 -Tomcat initialized with port(s): 8000 (http)
2024-08-21 14:33:37 -Initializing ProtocolHandler ["http-nio-8000"]
2024-08-21 14:33:37 -Starting service [Tomcat]
2024-08-21 14:33:37 -Starting Servlet engine: [Apache Tomcat/9.0.37]
2024-08-21 14:33:37 -Loaded Apache Tomcat Native library [2.0.6] using APR version [1.7.4].
2024-08-21 14:33:37 -APR capabilities: IPv6 [true], sendfile [true], accept filters [false], random [true].
2024-08-21 14:33:37 -APR/OpenSSL configuration: useAprConnector [false], useOpenSSL [true]
2024-08-21 14:33:37 -OpenSSL successfully initialized [OpenSSL 3.0.11 19 Sep 2023]
2024-08-21 14:33:37 -Initializing Spring embedded WebApplicationContext
2024-08-21 14:33:37 -Root WebApplicationContext: initialization completed in 991 ms
2024-08-21 14:33:38 -Initializing ExecutorService 'applicationTaskExecutor'
2024-08-21 14:33:39 -Starting ProtocolHandler ["http-nio-8000"]
2024-08-21 14:33:39 -Tomcat started on port(s): 8000 (http) with context path ''
2024-08-21 14:33:39 -Started Application in 3.084 seconds (JVM running for 3.916)
2024-08-21 14:33:49 -Initializing Spring DispatcherServlet 'dispatcherServlet'
2024-08-21 14:33:49 -Initializing Servlet 'dispatcherServlet'
2024-08-21 14:33:49 -Completed initialization in 5 ms
2024-08-21 14:33:50 -HikariPool-1 - Starting...
2024-08-21 14:33:50 -HikariPool-1 - Start completed.
2024-08-21 14:34:21 -HikariPool-1 - Thread starvation or clock leap detected (housekeeper delta=1m1s503ms439µs800ns).
2024-08-21 14:34:21 -Shutting down ExecutorService 'applicationTaskExecutor'
2024-08-21 14:34:21 -HikariPool-1 - Shutdown initiated...
2024-08-21 14:34:21 -HikariPool-1 - Shutdown completed.
2024-08-21 14:34:27 -Starting Application on bless with PID 64176 (E:\code\im-system\service\target\classes started by bless in E:\code\im-system)
2024-08-21 14:34:27 -The following profiles are active: dev
2024-08-21 14:34:28 -Multiple Spring Data modules found, entering strict repository configuration mode!
2024-08-21 14:34:28 -Bootstrapping Spring Data Redis repositories in DEFAULT mode.
2024-08-21 14:34:28 -Finished Spring Data repository scanning in 16ms. Found 0 Redis repository interfaces.
2024-08-21 14:34:28 -Tomcat initialized with port(s): 8000 (http)
2024-08-21 14:34:28 -Initializing ProtocolHandler ["http-nio-8000"]
2024-08-21 14:34:28 -Starting service [Tomcat]
2024-08-21 14:34:28 -Starting Servlet engine: [Apache Tomcat/9.0.37]
2024-08-21 14:34:28 -Loaded Apache Tomcat Native library [2.0.6] using APR version [1.7.4].
2024-08-21 14:34:28 -APR capabilities: IPv6 [true], sendfile [true], accept filters [false], random [true].
2024-08-21 14:34:28 -APR/OpenSSL configuration: useAprConnector [false], useOpenSSL [true]
2024-08-21 14:34:28 -OpenSSL successfully initialized [OpenSSL 3.0.11 19 Sep 2023]
2024-08-21 14:34:28 -Initializing Spring embedded WebApplicationContext
2024-08-21 14:34:28 -Root WebApplicationContext: initialization completed in 799 ms
2024-08-21 14:34:29 -Initializing ExecutorService 'applicationTaskExecutor'
2024-08-21 14:34:29 -Starting ProtocolHandler ["http-nio-8000"]
2024-08-21 14:34:29 -Tomcat started on port(s): 8000 (http) with context path ''
2024-08-21 14:34:29 -Started Application in 2.683 seconds (JVM running for 3.389)
2024-08-21 14:34:35 -Initializing Spring DispatcherServlet 'dispatcherServlet'
2024-08-21 14:34:35 -Initializing Servlet 'dispatcherServlet'
2024-08-21 14:34:35 -Completed initialization in 3 ms
2024-08-21 14:34:35 -HikariPool-1 - Starting...
2024-08-21 14:34:35 -HikariPool-1 - Start completed.
2024-08-21 14:47:58 -Shutting down ExecutorService 'applicationTaskExecutor'
2024-08-21 14:47:58 -HikariPool-1 - Shutdown initiated...
2024-08-21 14:47:58 -HikariPool-1 - Shutdown completed.
2024-08-21 14:48:04 -Starting Application on bless with PID 61028 (E:\code\im-system\service\target\classes started by bless in E:\code\im-system)
2024-08-21 14:48:04 -The following profiles are active: dev
2024-08-21 14:48:05 -Multiple Spring Data modules found, entering strict repository configuration mode!
2024-08-21 14:48:05 -Bootstrapping Spring Data Redis repositories in DEFAULT mode.
2024-08-21 14:48:05 -Finished Spring Data repository scanning in 15ms. Found 0 Redis repository interfaces.
2024-08-21 14:48:05 -Tomcat initialized with port(s): 8000 (http)
2024-08-21 14:48:05 -Initializing ProtocolHandler ["http-nio-8000"]
2024-08-21 14:48:05 -Starting service [Tomcat]
2024-08-21 14:48:05 -Starting Servlet engine: [Apache Tomcat/9.0.37]
2024-08-21 14:48:05 -Loaded Apache Tomcat Native library [2.0.6] using APR version [1.7.4].
2024-08-21 14:48:05 -APR capabilities: IPv6 [true], sendfile [true], accept filters [false], random [true].
2024-08-21 14:48:05 -APR/OpenSSL configuration: useAprConnector [false], useOpenSSL [true]
2024-08-21 14:48:05 -OpenSSL successfully initialized [OpenSSL 3.0.11 19 Sep 2023]
2024-08-21 14:48:05 -Initializing Spring embedded WebApplicationContext
2024-08-21 14:48:05 -Root WebApplicationContext: initialization completed in 784 ms
2024-08-21 14:48:06 -Initializing ExecutorService 'applicationTaskExecutor'
2024-08-21 14:48:06 -Starting ProtocolHandler ["http-nio-8000"]
2024-08-21 14:48:06 -Tomcat started on port(s): 8000 (http) with context path ''
2024-08-21 14:48:06 -Started Application in 2.613 seconds (JVM running for 3.259)
2024-08-21 14:48:09 -Initializing Spring DispatcherServlet 'dispatcherServlet'
2024-08-21 14:48:09 -Initializing Servlet 'dispatcherServlet'
2024-08-21 14:48:09 -Completed initialization in 4 ms
2024-08-21 14:48:10 -HikariPool-1 - Starting...
2024-08-21 14:48:10 -HikariPool-1 - Start completed.
2024-08-21 14:54:01 -Shutting down ExecutorService 'applicationTaskExecutor'
2024-08-21 14:54:01 -HikariPool-1 - Shutdown initiated...
2024-08-21 14:54:01 -HikariPool-1 - Shutdown completed.
2024-08-21 14:54:08 -Starting Application on bless with PID 60204 (E:\code\im-system\service\target\classes started by bless in E:\code\im-system)
2024-08-21 14:54:08 -The following profiles are active: dev
2024-08-21 14:54:08 -Multiple Spring Data modules found, entering strict repository configuration mode!
2024-08-21 14:54:08 -Bootstrapping Spring Data Redis repositories in DEFAULT mode.
2024-08-21 14:54:09 -Finished Spring Data repository scanning in 16ms. Found 0 Redis repository interfaces.
2024-08-21 14:54:09 -Tomcat initialized with port(s): 8000 (http)
2024-08-21 14:54:09 -Initializing ProtocolHandler ["http-nio-8000"]
2024-08-21 14:54:09 -Starting service [Tomcat]
2024-08-21 14:54:09 -Starting Servlet engine: [Apache Tomcat/9.0.37]
2024-08-21 14:54:09 -Loaded Apache Tomcat Native library [2.0.6] using APR version [1.7.4].
2024-08-21 14:54:09 -APR capabilities: IPv6 [true], sendfile [true], accept filters [false], random [true].
2024-08-21 14:54:09 -APR/OpenSSL configuration: useAprConnector [false], useOpenSSL [true]
2024-08-21 14:54:09 -OpenSSL successfully initialized [OpenSSL 3.0.11 19 Sep 2023]
2024-08-21 14:54:09 -Initializing Spring embedded WebApplicationContext
2024-08-21 14:54:09 -Root WebApplicationContext: initialization completed in 821 ms
2024-08-21 14:54:10 -Initializing ExecutorService 'applicationTaskExecutor'
2024-08-21 14:54:10 -Starting ProtocolHandler ["http-nio-8000"]
2024-08-21 14:54:10 -Tomcat started on port(s): 8000 (http) with context path ''
2024-08-21 14:54:10 -Started Application in 2.769 seconds (JVM running for 3.426)
2024-08-21 14:54:13 -Initializing Spring DispatcherServlet 'dispatcherServlet'
2024-08-21 14:54:13 -Initializing Servlet 'dispatcherServlet'
2024-08-21 14:54:13 -Completed initialization in 4 ms
2024-08-21 14:54:13 -HikariPool-1 - Starting...
2024-08-21 14:54:13 -HikariPool-1 - Start completed.
2024-08-21 14:57:18 -Shutting down ExecutorService 'applicationTaskExecutor'
2024-08-21 14:57:18 -HikariPool-1 - Shutdown initiated...
2024-08-21 14:57:18 -HikariPool-1 - Shutdown completed.
